Build started 4/8/2016 1:47:15 PM.
     1>Project "C:\Dev\Cohort12-Public\Classes\Programming\XBOX Games\AN-SI\Game\OpenGL Framework.vcxproj" on node 2 (Build target(s)).
     1>ClCompile:
         C:\Program Files (x86)\Microsoft Visual Studio 12.0\VC\bin\CL.exe /c /I"C:\Program Files (x86)\Visual Leak Detector\include" /Zi /nologo /W3 /WX- /O2 /Oy- /D WIN32 /D NDEBUG /D _VC80_UPGRADE=0x0710 /D _MBCS /Gm- /EHsc /MT /GS /fp:precise /Zc:wchar_t /Zc:forScope /Fo"Release\\" /Fd"Release\vc120.pdb" /Gd /TP /analyze- /errorReport:prompt AudioManager.cpp BackgroundManager.cpp CameraManagerC.cpp Collectible.cpp CollisionManager.cpp DiscManagerC.cpp FontManager.cpp game.cpp GameOverManager.cpp InputManager.cpp LevelLoader.cpp LevelTextManager.cpp MainMenuManager.cpp openGLFramework.cpp openGLStuff.cpp physics.cpp PlayerManager.cpp PrincessManager.cpp random.cpp Renderer.cpp ScoreManager.cpp SlideManager.cpp XBoxFramework.cpp
         AudioManager.cpp
         BackgroundManager.cpp
     1>c:\dev\cohort12-public\classes\programming\xbox games\an-si\game\Renderer.h(27): fatal error C1083: Cannot open include file: 'gl/glut.h': No such file or directory
         CameraManagerC.cpp
     1>c:\dev\cohort12-public\classes\programming\xbox games\an-si\game\Renderer.h(27): fatal error C1083: Cannot open include file: 'gl/glut.h': No such file or directory
         Collectible.cpp
     1>c:\dev\cohort12-public\classes\programming\xbox games\an-si\game\Renderer.h(27): fatal error C1083: Cannot open include file: 'gl/glut.h': No such file or directory
         CollisionManager.cpp
         DiscManagerC.cpp
     1>c:\dev\cohort12-public\classes\programming\xbox games\an-si\game\Renderer.h(27): fatal error C1083: Cannot open include file: 'gl/glut.h': No such file or directory
         FontManager.cpp
     1>c:\dev\cohort12-public\classes\programming\xbox games\an-si\game\Renderer.h(27): fatal error C1083: Cannot open include file: 'gl/glut.h': No such file or directory
         game.cpp
     1>c:\dev\cohort12-public\classes\programming\xbox games\an-si\game\game.h(11): fatal error C1083: Cannot open include file: 'gl\glut.h': No such file or directory
         GameOverManager.cpp
     1>c:\dev\cohort12-public\classes\programming\xbox games\an-si\game\Renderer.h(27): fatal error C1083: Cannot open include file: 'gl/glut.h': No such file or directory
         InputManager.cpp
         LevelLoader.cpp
     1>c:\dev\cohort12-public\classes\programming\xbox games\an-si\game\Renderer.h(27): fatal error C1083: Cannot open include file: 'gl/glut.h': No such file or directory
         LevelTextManager.cpp
     1>c:\dev\cohort12-public\classes\programming\xbox games\an-si\game\Renderer.h(27): fatal error C1083: Cannot open include file: 'gl/glut.h': No such file or directory
         MainMenuManager.cpp
     1>c:\dev\cohort12-public\classes\programming\xbox games\an-si\game\Renderer.h(27): fatal error C1083: Cannot open include file: 'gl/glut.h': No such file or directory
         openGLFramework.cpp
     1>openGLFramework.cpp(7): fatal error C1083: Cannot open include file: 'gl\glut.h': No such file or directory
         openGLStuff.cpp
     1>openGLStuff.cpp(8): fatal error C1083: Cannot open include file: 'gl\glut.h': No such file or directory
         physics.cpp
         PlayerManager.cpp
     1>PlayerManager.cpp(14): fatal error C1083: Cannot open include file: 'gl\glut.h': No such file or directory
         PrincessManager.cpp
     1>c:\dev\cohort12-public\classes\programming\xbox games\an-si\game\Renderer.h(27): fatal error C1083: Cannot open include file: 'gl/glut.h': No such file or directory
         random.cpp
         Renderer.cpp
     1>c:\dev\cohort12-public\classes\programming\xbox games\an-si\game\Renderer.h(27): fatal error C1083: Cannot open include file: 'gl/glut.h': No such file or directory
         Generating Code...
         Compiling...
         ScoreManager.cpp
     1>c:\dev\cohort12-public\classes\programming\xbox games\an-si\game\Renderer.h(27): fatal error C1083: Cannot open include file: 'gl/glut.h': No such file or directory
         SlideManager.cpp
     1>c:\dev\cohort12-public\classes\programming\xbox games\an-si\game\CameraManager.h(23): error C2061: syntax error : identifier 'Vector2'
     1>c:\dev\cohort12-public\classes\programming\xbox games\an-si\game\CameraManager.h(24): error C2061: syntax error : identifier 'Vector2'
     1>c:\dev\cohort12-public\classes\programming\xbox games\an-si\game\CameraManager.h(29): error C2146: syntax error : missing ';' before identifier 'mPosition'
     1>c:\dev\cohort12-public\classes\programming\xbox games\an-si\game\CameraManager.h(29): error C4430: missing type specifier - int assumed. Note: C++ does not support default-int
     1>SlideManager.cpp(4): error C2143: syntax error : missing ';' before '*'
     1>SlideManager.cpp(4): error C4430: missing type specifier - int assumed. Note: C++ does not support default-int
     1>SlideManager.cpp(4): error C2825: 'SlideManager': must be a class or namespace when followed by '::'
     1>SlideManager.cpp(4): error C2039: 'sInstance' : is not a member of '`global namespace''
     1>SlideManager.cpp(4): error C2146: syntax error : missing ';' before identifier 'sInstance'
     1>SlideManager.cpp(4): error C2040: 'SlideManager' : 'int *' differs in levels of indirection from 'int'
     1>SlideManager.cpp(6): error C2143: syntax error : missing ';' before '*'
     1>SlideManager.cpp(6): error C4430: missing type specifier - int assumed. Note: C++ does not support default-int
     1>SlideManager.cpp(6): error C2086: 'int SlideManager' : redefinition
                 SlideManager.cpp(4) : see declaration of 'SlideManager'
     1>SlideManager.cpp(6): error C2825: 'SlideManager': must be a class or namespace when followed by '::'
     1>SlideManager.cpp(6): error C2039: 'createInstance' : is not a member of '`global namespace''
     1>SlideManager.cpp(6): error C2146: syntax error : missing ';' before identifier 'createInstance'
     1>SlideManager.cpp(6): error C2040: 'SlideManager' : 'int *' differs in levels of indirection from 'int'
     1>SlideManager.cpp(7): error C4430: missing type specifier - int assumed. Note: C++ does not support default-int
     1>SlideManager.cpp(15): error C2061: syntax error : identifier 'SlideManager'
     1>SlideManager.cpp(19): error C2143: syntax error : missing ';' before '*'
     1>SlideManager.cpp(19): error C4430: missing type specifier - int assumed. Note: C++ does not support default-int
     1>SlideManager.cpp(19): error C2086: 'int SlideManager' : redefinition
                 SlideManager.cpp(4) : see declaration of 'SlideManager'
     1>SlideManager.cpp(19): error C2825: 'SlideManager': must be a class or namespace when followed by '::'
     1>SlideManager.cpp(19): error C2039: 'getInstance' : is not a member of '`global namespace''
     1>SlideManager.cpp(19): error C2146: syntax error : missing ';' before identifier 'getInstance'
     1>SlideManager.cpp(19): error C2040: 'SlideManager' : 'int *' differs in levels of indirection from 'int'
     1>SlideManager.cpp(20): error C4430: missing type specifier - int assumed. Note: C++ does not support default-int
     1>SlideManager.cpp(23): error C2825: 'SlideManager': must be a class or namespace when followed by '::'
     1>SlideManager.cpp(23): error C2039: 'init' : is not a member of '`global namespace''
     1>SlideManager.cpp(23): error C2146: syntax error : missing ';' before identifier 'init'
     1>SlideManager.cpp(23): error C2182: 'SlideManager' : illegal use of type 'void'
     1>SlideManager.cpp(23): error C2086: 'int SlideManager' : redefinition
                 SlideManager.cpp(4) : see declaration of 'SlideManager'
     1>SlideManager.cpp(24): error C4430: missing type specifier - int assumed. Note: C++ does not support default-int
     1>SlideManager.cpp(25): error C2065: 'slideRenderer' : undeclared identifier
     1>SlideManager.cpp(25): error C2061: syntax error : identifier 'Renderer'
     1>SlideManager.cpp(27): error C2065: 'slideList' : undeclared identifier
     1>SlideManager.cpp(27): error C2061: syntax error : identifier 'LinkedList'
     1>SlideManager.cpp(28): error C2065: 'slideIterator' : undeclared identifier
     1>SlideManager.cpp(28): error C2061: syntax error : identifier 'ListIterator'
     1>SlideManager.cpp(30): warning C4508: 'init' : function should return a value; 'void' return type assumed
     1>SlideManager.cpp(31): error C2143: syntax error : missing ';' before '<'
     1>SlideManager.cpp(31): error C4430: missing type specifier - int assumed. Note: C++ does not support default-int
     1>SlideManager.cpp(31): error C2825: 'SlideManager': must be a class or namespace when followed by '::'
     1>SlideManager.cpp(31): error C2039: 'getSlideList' : is not a member of '`global namespace''
     1>SlideManager.cpp(32): error C2143: syntax error : missing ';' before '{'
     1>SlideManager.cpp(32): error C2447: '{' : missing function header (old-style formal list?)
     1>SlideManager.cpp(35): error C2143: syntax error : missing ';' before '<'
     1>SlideManager.cpp(35): error C4430: missing type specifier - int assumed. Note: C++ does not support default-int
     1>SlideManager.cpp(35): error C2825: 'SlideManager': must be a class or namespace when followed by '::'
     1>SlideManager.cpp(35): error C2039: 'getSlideIterator' : is not a member of '`global namespace''
     1>SlideManager.cpp(36): error C2143: syntax error : missing ';' before '{'
     1>SlideManager.cpp(36): error C2447: '{' : missing function header (old-style formal list?)
     1>SlideManager.cpp(39): error C2825: 'SlideManager': must be a class or namespace when followed by '::'
     1>SlideManager.cpp(39): error C2039: 'render' : is not a member of '`global namespace''
     1>SlideManager.cpp(39): error C2146: syntax error : missing ';' before identifier 'render'
     1>SlideManager.cpp(39): error C2182: 'SlideManager' : illegal use of type 'void'
     1>SlideManager.cpp(39): error C2086: 'int SlideManager' : redefinition
                 SlideManager.cpp(4) : see declaration of 'SlideManager'
     1>SlideManager.cpp(40): error C4430: missing type specifier - int assumed. Note: C++ does not support default-int
     1>SlideManager.cpp(41): error C2065: 'Vector2' : undeclared identifier
     1>SlideManager.cpp(41): error C2146: syntax error : missing ';' before identifier 'cameraPostion'
     1>SlideManager.cpp(41): error C2065: 'cameraPostion' : undeclared identifier
     1>SlideManager.cpp(42): error C2065: 'slideIterator' : undeclared identifier
     1>SlideManager.cpp(42): error C2227: left of '->Start' must point to class/struct/union/generic type
                 type is 'unknown-type'
     1>SlideManager.cpp(43): error C2065: 'Vector2' : undeclared identifier
     1>SlideManager.cpp(43): error C2146: syntax error : missing ';' before identifier 'centerPoint'
     1>SlideManager.cpp(43): error C2065: 'centerPoint' : undeclared identifier
     1>SlideManager.cpp(44): error C2065: 'slideIterator' : undeclared identifier
     1>SlideManager.cpp(44): error C2227: left of '->hasReachedEnd' must point to class/struct/union/generic type
                 type is 'unknown-type'
     1>SlideManager.cpp(44): fatal error C1903: unable to recover from previous error(s); stopping compilation
         XBoxFramework.cpp
     1>c:\dev\cohort12-public\classes\programming\xbox games\an-si\game\Renderer.h(27): fatal error C1083: Cannot open include file: 'gl/glut.h': No such file or directory
         Generating Code...
     1>Done Building Project "C:\Dev\Cohort12-Public\Classes\Programming\XBOX Games\AN-SI\Game\OpenGL Framework.vcxproj" (Build target(s)) -- FAILED.

Build FAILED.

Time Elapsed 00:00:07.10
